[0317/172359.160:WARNING:spdy_session.cc(3365)] Received HEADERS for invalid stream 9
[0317/172359.168:WARNING:spdy_session.cc(3365)] Received HEADERS for invalid stream 7
[0317/172359.195:WARNING:spdy_session.cc(3365)] Received HEADERS for invalid stream 11
[0317/172359.206:WARNING:spdy_session.cc(3365)] Received HEADERS for invalid stream 13
[0317/172359.216:WARNING:spdy_session.cc(3365)] Received HEADERS for invalid stream 17
[0317/172359.223:WARNING:spdy_session.cc(3365)] Received HEADERS for invalid stream 21
[0317/172359.228:WARNING:spdy_session.cc(3365)] Received HEADERS for invalid stream 25
[0317/172359.233:WARNING:spdy_session.cc(3365)] Received HEADERS for invalid stream 19
[0317/172359.236:WARNING:spdy_session.cc(3365)] Received HEADERS for invalid stream 29
[0317/172359.238:WARNING:spdy_session.cc(3365)] Received HEADERS for invalid stream 33
[0317/172359.249:WARNING:spdy_session.cc(3365)] Received HEADERS for invalid stream 23
[0317/172359.315:WARNING:spdy_session.cc(3365)] Received HEADERS for invalid stream 31
[0317/172359.570:WARNING:spdy_session.cc(3365)] Received HEADERS for invalid stream 27
[0317/172359.593:WARNING:spdy_session.cc(3365)] Received HEADERS for invalid stream 37
[0317/172359.752:WARNING:spdy_session.cc(3365)] Received HEADERS for invalid stream 39
[0317/172359.772:WARNING:spdy_session.cc(3365)] Received HEADERS for invalid stream 35
[0317/172359.774:WARNING:spdy_session.cc(3365)] Received HEADERS for invalid stream 43
[0317/172359.774:WARNING:spdy_session.cc(3365)] Received HEADERS for invalid stream 47
[0317/172359.774:WARNING:spdy_session.cc(3365)] Received HEADERS for invalid stream 49
[0317/172359.774:WARNING:spdy_session.cc(3365)] Received HEADERS for invalid stream 51
[0317/172359.775:WARNING:spdy_session.cc(3365)] Received HEADERS for invalid stream 41
[0317/172359.775:WARNING:spdy_session.cc(3365)] Received HEADERS for invalid stream 53
[0317/172359.775:WARNING:spdy_session.cc(3365)] Received HEADERS for invalid stream 57
[0317/172359.775:WARNING:spdy_session.cc(3365)] Received HEADERS for invalid stream 59
[0317/172359.775:WARNING:spdy_session.cc(3365)] Received HEADERS for invalid stream 55
[0317/172359.775:WARNING:spdy_session.cc(3365)] Received HEADERS for invalid stream 45
[0317/172359.775:WARNING:spdy_session.cc(3365)] Received HEADERS for invalid stream 71
[0317/172359.775:WARNING:spdy_session.cc(3365)] Received HEADERS for invalid stream 65
[0317/172359.775:WARNING:spdy_session.cc(3365)] Received HEADERS for invalid stream 73
[0317/172359.775:WARNING:spdy_session.cc(3365)] Received HEADERS for invalid stream 61
[0317/172359.775:WARNING:spdy_session.cc(3365)] Received HEADERS for invalid stream 63
[0317/172359.775:WARNING:spdy_session.cc(3365)] Received HEADERS for invalid stream 69
[0317/172359.775:WARNING:spdy_session.cc(3365)] Received HEADERS for invalid stream 75
[0317/172359.775:WARNING:spdy_session.cc(3365)] Received HEADERS for invalid stream 77
[0317/172359.775:WARNING:spdy_session.cc(3365)] Received HEADERS for invalid stream 67
[0317/172435.871:INFO:CONSOLE(2)] "JQMIGRATE: Migrate is installed, version 3.3.2", source: https://www.codenameone.com/wp-includes/js/jquery/jquery-migrate.min.js?ver=3.3.2 (2)
[0317/172449.491:INFO:CONSOLE(72)] "Unrecognized feature: 'attribution-reporting'.", source: https://www.googleadservices.com/pagead/conversion_async.js (72)
[0317/172450.268:INFO:CONSOLE(0)] "A cookie associated with a cross-site resource at https://facebook.com/ was set without the `SameSite` attribute. A future release of Chrome will only deliver cookies with cross-site requests if they are set with `SameSite=None` and `Secure`. You can review cookies in developer tools under Application>Storage>Cookies and see more details at https://www.chromestatus.com/feature/5088147346030592 and https://www.chromestatus.com/feature/5633521622188032.", source: https://www.codenameone.com/ (0)
[0317/172534.491:INFO:CONSOLE(2)] "JQMIGRATE: Migrate is installed, version 3.3.2", source: https://www.codenameone.com/wp-includes/js/jquery/jquery-migrate.min.js?ver=3.3.2 (2)
[0317/172605.110:INFO:CONSOLE(72)] "Unrecognized feature: 'attribution-reporting'.", source: https://www.googleadservices.com/pagead/conversion_async.js (72)
[0317/172609.381:INFO:CONSOLE(0)] "A cookie associated with a cross-site resource at https://facebook.com/ was set without the `SameSite` attribute. A future release of Chrome will only deliver cookies with cross-site requests if they are set with `SameSite=None` and `Secure`. You can review cookies in developer tools under Application>Storage>Cookies and see more details at https://www.chromestatus.com/feature/5088147346030592 and https://www.chromestatus.com/feature/5633521622188032.", source: https://www.codenameone.com/ (0)
[0510/232805.057:INFO:CONSOLE(66)] "You must enable Billing on the Google Cloud Project at https://console.cloud.google.com/project/_/billing/enable Learn more at https://developers.google.com/maps/gmp-get-started", source: https://maps.googleapis.com/maps/api/js?key=AIzaSyCy-fMWerzvXcPCV0FDI07hW2DAzs_mnpY&callback=initMap (66)
[0510/232813.274:INFO:CONSOLE(22)] "Here I am !!!", source: https://cn1app/streams/1 (22)
[0510/232832.072:INFO:CONSOLE(66)] "You must enable Billing on the Google Cloud Project at https://console.cloud.google.com/project/_/billing/enable Learn more at https://developers.google.com/maps/gmp-get-started", source: https://maps.googleapis.com/maps/api/js?key=AIzaSyCy-fMWerzvXcPCV0FDI07hW2DAzs_mnpY&callback=initMap (66)
[0510/232832.605:WARNING:spdy_session.cc(3365)] Received HEADERS for invalid stream 5
[0510/232840.421:INFO:CONSOLE(22)] "Here I am !!!", source: https://cn1app/streams/1 (22)
[0510/233027.074:INFO:CONSOLE(66)] "You must enable Billing on the Google Cloud Project at https://console.cloud.google.com/project/_/billing/enable Learn more at https://developers.google.com/maps/gmp-get-started", source: https://maps.googleapis.com/maps/api/js?key=AIzaSyCy-fMWerzvXcPCV0FDI07hW2DAzs_mnpY&callback=initMap (66)
[0510/233027.684:WARNING:spdy_session.cc(3365)] Received HEADERS for invalid stream 5
[0510/233035.366:INFO:CONSOLE(22)] "Here I am !!!", source: https://cn1app/streams/1 (22)
[0510/233341.951:INFO:CONSOLE(66)] "You must enable Billing on the Google Cloud Project at https://console.cloud.google.com/project/_/billing/enable Learn more at https://developers.google.com/maps/gmp-get-started", source: https://maps.googleapis.com/maps/api/js?key=AIzaSyCy-fMWerzvXcPCV0FDI07hW2DAzs_mnpY&callback=initMap (66)
[0510/233342.573:WARNING:spdy_session.cc(3365)] Received HEADERS for invalid stream 5
[0510/233350.261:INFO:CONSOLE(22)] "Here I am !!!", source: https://cn1app/streams/1 (22)
[0510/233713.967:INFO:CONSOLE(66)] "Google Maps JavaScript API error: ApiNotActivatedMapError
https://developers.google.com/maps/documentation/javascript/error-messages#api-not-activated-map-error", source: https://maps.googleapis.com/maps/api/js?key=AIzaSyBfefwJpq1pRP_fZZ4poX6bx3dem7hjmLM&callback=initMap (66)
[0510/233722.648:INFO:CONSOLE(22)] "Here I am !!!", source: https://cn1app/streams/1 (22)
[0510/234215.550:INFO:CONSOLE(66)] "Google Maps JavaScript API error: ApiNotActivatedMapError
https://developers.google.com/maps/documentation/javascript/error-messages#api-not-activated-map-error", source: https://maps.googleapis.com/maps/api/js?key=AIzaSyBfefwJpq1pRP_fZZ4poX6bx3dem7hjmLM&callback=initMap (66)
[0510/234224.167:INFO:CONSOLE(22)] "Here I am !!!", source: https://cn1app/streams/1 (22)
[0510/234551.486:INFO:CONSOLE(66)] "Google Maps JavaScript API error: ApiNotActivatedMapError
https://developers.google.com/maps/documentation/javascript/error-messages#api-not-activated-map-error", source: https://maps.googleapis.com/maps/api/js?key=AIzaSyCD_FKFfdSGkQBXfPpF__Br1jzLMricJqc&callback=initMap (66)
[0510/234600.136:INFO:CONSOLE(22)] "Here I am !!!", source: https://cn1app/streams/1 (22)
[0510/235110.214:INFO:CONSOLE(66)] "You must enable Billing on the Google Cloud Project at https://console.cloud.google.com/project/_/billing/enable Learn more at https://developers.google.com/maps/gmp-get-started", source: https://maps.googleapis.com/maps/api/js?key=AIzaSyCD_FKFfdSGkQBXfPpF__Br1jzLMricJqc&callback=initMap (66)
[0510/235139.905:INFO:CONSOLE(66)] "You must enable Billing on the Google Cloud Project at https://console.cloud.google.com/project/_/billing/enable Learn more at https://developers.google.com/maps/gmp-get-started", source: https://maps.googleapis.com/maps/api/js?key=AIzaSyCD_FKFfdSGkQBXfPpF__Br1jzLMricJqc&callback=initMap (66)
[0510/235140.524:WARNING:spdy_session.cc(3365)] Received HEADERS for invalid stream 5
[0510/235232.250:INFO:CONSOLE(66)] "You must enable Billing on the Google Cloud Project at https://console.cloud.google.com/project/_/billing/enable Learn more at https://developers.google.com/maps/gmp-get-started", source: https://maps.googleapis.com/maps/api/js?key=AIzaSyCy-fMWerzvXcPCV0FDI07hW2DAzs_mnpY&callback=initMap (66)
[0510/235232.791:WARNING:spdy_session.cc(3365)] Received HEADERS for invalid stream 5
[0510/235240.971:INFO:CONSOLE(22)] "Here I am !!!", source: https://cn1app/streams/1 (22)
[0510/235341.316:INFO:CONSOLE(66)] "You must enable Billing on the Google Cloud Project at https://console.cloud.google.com/project/_/billing/enable Learn more at https://developers.google.com/maps/gmp-get-started", source: https://maps.googleapis.com/maps/api/js?key=AIzaSyCy-fMWerzvXcPCV0FDI07hW2DAzs_mnpY&callback=initMap (66)
[0510/235341.942:WARNING:spdy_session.cc(3365)] Received HEADERS for invalid stream 5
[0510/235431.999:INFO:CONSOLE(66)] "You must enable Billing on the Google Cloud Project at https://console.cloud.google.com/project/_/billing/enable Learn more at https://developers.google.com/maps/gmp-get-started", source: https://maps.googleapis.com/maps/api/js?key=AIzaSyCy-fMWerzvXcPCV0FDI07hW2DAzs_mnpY&callback=initMap (66)
[0510/235432.478:WARNING:spdy_session.cc(3365)] Received HEADERS for invalid stream 5
[0510/235457.171:INFO:CONSOLE(66)] "You must enable Billing on the Google Cloud Project at https://console.cloud.google.com/project/_/billing/enable Learn more at https://developers.google.com/maps/gmp-get-started", source: https://maps.googleapis.com/maps/api/js?key=AIzaSyCy-fMWerzvXcPCV0FDI07hW2DAzs_mnpY&callback=initMap (66)
[0510/235457.865:WARNING:spdy_session.cc(3365)] Received HEADERS for invalid stream 5
[0510/235505.601:INFO:CONSOLE(22)] "Here I am !!!", source: https://cn1app/streams/1 (22)
[0510/235832.589:INFO:CONSOLE(66)] "You must enable Billing on the Google Cloud Project at https://console.cloud.google.com/project/_/billing/enable Learn more at https://developers.google.com/maps/gmp-get-started", source: https://maps.googleapis.com/maps/api/js?key=AIzaSyCy-fMWerzvXcPCV0FDI07hW2DAzs_mnpY&callback=initMap (66)
[0510/235833.319:WARNING:spdy_session.cc(3365)] Received HEADERS for invalid stream 5
[0510/235841.221:INFO:CONSOLE(22)] "Here I am !!!", source: https://cn1app/streams/1 (22)
[0511/000345.516:INFO:CONSOLE(66)] "You must enable Billing on the Google Cloud Project at https://console.cloud.google.com/project/_/billing/enable Learn more at https://developers.google.com/maps/gmp-get-started", source: https://maps.googleapis.com/maps/api/js?key=AIzaSyCy-fMWerzvXcPCV0FDI07hW2DAzs_mnpY&callback=initMap (66)
[0511/000346.041:WARNING:spdy_session.cc(3365)] Received HEADERS for invalid stream 5
[0511/000354.111:INFO:CONSOLE(22)] "Here I am !!!", source: https://cn1app/streams/1 (22)
[0511/000735.035:INFO:CONSOLE(66)] "You must enable Billing on the Google Cloud Project at https://console.cloud.google.com/project/_/billing/enable Learn more at https://developers.google.com/maps/gmp-get-started", source: https://maps.googleapis.com/maps/api/js?key=AIzaSyCy-fMWerzvXcPCV0FDI07hW2DAzs_mnpY&callback=initMap (66)
[0511/000755.336:INFO:CONSOLE(66)] "You must enable Billing on the Google Cloud Project at https://console.cloud.google.com/project/_/billing/enable Learn more at https://developers.google.com/maps/gmp-get-started", source: https://maps.googleapis.com/maps/api/js?key=AIzaSyCy-fMWerzvXcPCV0FDI07hW2DAzs_mnpY&callback=initMap (66)
[0511/000755.847:WARNING:spdy_session.cc(3365)] Received HEADERS for invalid stream 5
[0511/000804.012:INFO:CONSOLE(22)] "Here I am !!!", source: https://cn1app/streams/1 (22)
[0511/000907.996:INFO:CONSOLE(66)] "You must enable Billing on the Google Cloud Project at https://console.cloud.google.com/project/_/billing/enable Learn more at https://developers.google.com/maps/gmp-get-started", source: https://maps.googleapis.com/maps/api/js?key=AIzaSyCy-fMWerzvXcPCV0FDI07hW2DAzs_mnpY&callback=initMap (66)
[0511/000908.625:WARNING:spdy_session.cc(3365)] Received HEADERS for invalid stream 5
[0511/000914.202:INFO:CONSOLE(22)] "Here I am !!!", source: https://cn1app/streams/1 (22)
[0511/001628.772:INFO:CONSOLE(66)] "You must enable Billing on the Google Cloud Project at https://console.cloud.google.com/project/_/billing/enable Learn more at https://developers.google.com/maps/gmp-get-started", source: https://maps.googleapis.com/maps/api/js?key=AIzaSyCy-fMWerzvXcPCV0FDI07hW2DAzs_mnpY&callback=initMap (66)
[0511/001629.392:WARNING:spdy_session.cc(3365)] Received HEADERS for invalid stream 5
[0511/001645.012:INFO:CONSOLE(66)] "You must enable Billing on the Google Cloud Project at https://console.cloud.google.com/project/_/billing/enable Learn more at https://developers.google.com/maps/gmp-get-started", source: https://maps.googleapis.com/maps/api/js?key=AIzaSyCy-fMWerzvXcPCV0FDI07hW2DAzs_mnpY&callback=initMap (66)
[0511/001645.622:WARNING:spdy_session.cc(3365)] Received HEADERS for invalid stream 5
[0511/001653.532:INFO:CONSOLE(22)] "Here I am !!!", source: https://cn1app/streams/1 (22)
[0511/001806.329:INFO:CONSOLE(66)] "You must enable Billing on the Google Cloud Project at https://console.cloud.google.com/project/_/billing/enable Learn more at https://developers.google.com/maps/gmp-get-started", source: https://maps.googleapis.com/maps/api/js?key=AIzaSyCy-fMWerzvXcPCV0FDI07hW2DAzs_mnpY&callback=initMap (66)
[0511/001806.959:WARNING:spdy_session.cc(3365)] Received HEADERS for invalid stream 5
[0511/001814.448:INFO:CONSOLE(22)] "Here I am !!!", source: https://cn1app/streams/1 (22)
[0511/001922.918:INFO:CONSOLE(66)] "You must enable Billing on the Google Cloud Project at https://console.cloud.google.com/project/_/billing/enable Learn more at https://developers.google.com/maps/gmp-get-started", source: https://maps.googleapis.com/maps/api/js?key=AIzaSyCy-fMWerzvXcPCV0FDI07hW2DAzs_mnpY&callback=initMap (66)
[0511/001952.745:INFO:CONSOLE(66)] "You must enable Billing on the Google Cloud Project at https://console.cloud.google.com/project/_/billing/enable Learn more at https://developers.google.com/maps/gmp-get-started", source: https://maps.googleapis.com/maps/api/js?key=AIzaSyCy-fMWerzvXcPCV0FDI07hW2DAzs_mnpY&callback=initMap (66)
[0511/001953.428:WARNING:spdy_session.cc(3365)] Received HEADERS for invalid stream 5
[0511/002000.808:INFO:CONSOLE(22)] "Here I am !!!", source: https://cn1app/streams/1 (22)
[0511/002224.730:INFO:CONSOLE(66)] "You must enable Billing on the Google Cloud Project at https://console.cloud.google.com/project/_/billing/enable Learn more at https://developers.google.com/maps/gmp-get-started", source: https://maps.googleapis.com/maps/api/js?key=AIzaSyCy-fMWerzvXcPCV0FDI07hW2DAzs_mnpY&callback=initMap (66)
[0511/002225.240:WARNING:spdy_session.cc(3365)] Received HEADERS for invalid stream 5
[0511/002233.097:INFO:CONSOLE(22)] "Here I am !!!", source: https://cn1app/streams/1 (22)
[0511/002343.286:INFO:CONSOLE(66)] "You must enable Billing on the Google Cloud Project at https://console.cloud.google.com/project/_/billing/enable Learn more at https://developers.google.com/maps/gmp-get-started", source: https://maps.googleapis.com/maps/api/js?key=AIzaSyCy-fMWerzvXcPCV0FDI07hW2DAzs_mnpY&callback=initMap (66)
[0511/002344.005:WARNING:spdy_session.cc(3365)] Received HEADERS for invalid stream 5
[0511/002351.215:INFO:CONSOLE(22)] "Here I am !!!", source: https://cn1app/streams/1 (22)
[0511/002412.032:INFO:CONSOLE(511)] "Uncaught TypeError: getMapContainer(...).fireMapChangeEvent is not a function", source: https://cn1app/streams/1 (511)
[0511/002412.365:INFO:CONSOLE(66)] "You must enable Billing on the Google Cloud Project at https://console.cloud.google.com/project/_/billing/enable Learn more at https://developers.google.com/maps/gmp-get-started", source: https://maps.googleapis.com/maps/api/js?key=AIzaSyCy-fMWerzvXcPCV0FDI07hW2DAzs_mnpY&callback=initMap (66)
[0511/002412.907:WARNING:spdy_session.cc(3365)] Received HEADERS for invalid stream 5
[0511/002420.684:INFO:CONSOLE(22)] "Here I am !!!", source: https://cn1app/streams/1 (22)
[0511/002630.620:INFO:CONSOLE(66)] "You must enable Billing on the Google Cloud Project at https://console.cloud.google.com/project/_/billing/enable Learn more at https://developers.google.com/maps/gmp-get-started", source: https://maps.googleapis.com/maps/api/js?key=AIzaSyCy-fMWerzvXcPCV0FDI07hW2DAzs_mnpY&callback=initMap (66)
[0511/002631.290:WARNING:spdy_session.cc(3365)] Received HEADERS for invalid stream 5
[0511/002638.597:INFO:CONSOLE(22)] "Here I am !!!", source: https://cn1app/streams/1 (22)
[0511/003127.528:INFO:CONSOLE(66)] "You must enable Billing on the Google Cloud Project at https://console.cloud.google.com/project/_/billing/enable Learn more at https://developers.google.com/maps/gmp-get-started", source: https://maps.googleapis.com/maps/api/js?key=AIzaSyCy-fMWerzvXcPCV0FDI07hW2DAzs_mnpY&callback=initMap (66)
[0511/003135.538:INFO:CONSOLE(22)] "Here I am !!!", source: https://cn1app/streams/1 (22)
[0511/003308.858:INFO:CONSOLE(66)] "You must enable Billing on the Google Cloud Project at https://console.cloud.google.com/project/_/billing/enable Learn more at https://developers.google.com/maps/gmp-get-started", source: https://maps.googleapis.com/maps/api/js?key=AIzaSyCy-fMWerzvXcPCV0FDI07hW2DAzs_mnpY&callback=initMap (66)
[0511/003316.758:INFO:CONSOLE(22)] "Here I am !!!", source: https://cn1app/streams/1 (22)
